Node <15> Time <0.035> Event <sendPacket>[]:
Node <26> Time <0.035> Event <sendPacket>[]:
Node <32> Time <0.035> Event <sendPacket>[]:
Node <40> Time <0.035> Event <sendPacket>[]:
Node <43> Time <0.035> Event <sendPacket>[]:
Node <15> Time <0.065> Event <PacketSent>[]:
Node <8> Time <0.065> Event <PacketReceived>[]:
Node <16> Time <0.065> Event <PacketReceived>[]:
Node <22> Time <0.065> Event <PacketReceived>[]:
Node <26> Time <0.065> Event <PacketSent>[]:
Node <25> Time <0.065> Event <PacketReceived>[]:
Node <27> Time <0.065> Event <PacketReceived>[]:
Node <43> Time <0.065> Event <PacketSent>[]:
Node <36> Time <0.065> Event <PacketReceived>[]:
Node <44> Time <0.065> Event <PacketReceived>[]:
Node <40> Time <0.067> Event <PacketSent>[]:
Node <48> Time <0.067> Event <PacketReceived>[]:
Node <13> Time <0.071> Event <sendPacket>[]:
Node <39> Time <0.071> Event <sendPacket>[]:
Node <47> Time <0.071> Event <sendPacket>[]:
Node <32> Time <0.091> Event <PacketSent>[]:
Node <25> Time <0.091> Event <PacketReceived>[]:
Node <31> Time <0.091> Event <PacketReceived>[]:
Node <33> Time <0.091> Event <PacketReceived>[]:
Node <47> Time <0.100> Event <PacketSent>[]:
Node <39> Time <0.100> Event <PacketReceived>[]:
Node <40> Time <0.100> Event <PacketReceived>[]:
Node <41> Time <0.100> Event <PacketReceived>[]:
Node <46> Time <0.100> Event <PacketReceived>[]:
Node <13> Time <0.102> Event <PacketSent>[]:
Node <12> Time <0.102> Event <PacketReceived>[]:
Node <20> Time <0.102> Event <PacketReceived>[]:
Node <21> Time <0.102> Event <PacketReceived>[]:
Node <15> Time <0.106> Event <sendPacket>[]:
Node <39> Time <0.127> Event <PacketSent>[]:
Node <32> Time <0.127> Event <PacketReceived>[]:
Node <33> Time <0.127> Event <PacketReceived>[]:
Node <38> Time <0.127> Event <PacketReceived>[]:
Node <40> Time <0.127> Event <PacketReceived>[]:
Node <46> Time <0.127> Event <PacketReceived>[]:
Node <15> Time <0.136> Event <PacketSent>[]:
Node <8> Time <0.136> Event <PacketReceived>[]:
Node <16> Time <0.136> Event <PacketReceived>[]:
Node <22> Time <0.136> Event <PacketReceived>[]:
Node <1> Time <0.142> Event <sendPacket>[]:
Node <1> Time <0.174> Event <PacketSent>[]:
Node <2> Time <0.174> Event <PacketReceived>[]:
Node <17> Time <0.177> Event <sendPacket>[]:
Node <22> Time <0.177> Event <sendPacket>[]:
Node <22> Time <0.208> Event <PacketSent>[]:
Node <23> Time <0.208> Event <PacketReceived>[]:
Node <29> Time <0.208> Event <PacketReceived>[]:
Node <30> Time <0.208> Event <PacketReceived>[]:
Node <17> Time <0.208> Event <PacketSent>[]:
Node <10> Time <0.208> Event <PacketReceived>[]:
Node <11> Time <0.208> Event <PacketReceived>[]:
Node <18> Time <0.208> Event <PacketReceived>[]:
Node <24> Time <0.208> Event <PacketReceived>[]:
Node <10> Time <0.248> Event <sendPacket>[]:
Node <40> Time <0.248> Event <sendPacket>[]:
Node <44> Time <0.248> Event <sendPacket>[]:
Node <10> Time <0.278> Event <PacketSent>[]:
Node <2> Time <0.278> Event <PacketReceived>[]:
Node <3> Time <0.278> Event <PacketReceived>[]:
Node <4> Time <0.278> Event <PacketReceived>[]:
Node <9> Time <0.278> Event <PacketReceived>[]:
Node <11> Time <0.278> Event <PacketReceived>[]:
Node <17> Time <0.278> Event <PacketReceived>[]:
Node <18> Time <0.278> Event <PacketReceived>[]:
Node <40> Time <0.279> Event <PacketSent>[]:
Node <32> Time <0.279> Event <PacketReceived>[]:
Node <34> Time <0.279> Event <PacketReceived>[]:
Node <48> Time <0.279> Event <PacketReceived>[]:
Node <44> Time <0.280> Event <PacketSent>[]:
Node <29> Time <0.284> Event <sendPacket>[]:
Node <47> Time <0.284> Event <sendPacket>[]:
Node <29> Time <0.313> Event <PacketSent>[]:
Node <30> Time <0.313> Event <PacketReceived>[]:
Node <36> Time <0.313> Event <PacketReceived>[]:
Node <47> Time <0.315> Event <PacketSent>[]:
Node <39> Time <0.315> Event <PacketReceived>[]:
Node <40> Time <0.315> Event <PacketReceived>[]:
Node <41> Time <0.315> Event <PacketReceived>[]:
Node <46> Time <0.315> Event <PacketReceived>[]:
Node <23> Time <0.319> Event <sendPacket>[]:
Node <23> Time <0.351> Event <PacketSent>[]:
Node <15> Time <0.351> Event <PacketReceived>[]:
Node <17> Time <0.351> Event <PacketReceived>[]:
Node <22> Time <0.351> Event <PacketReceived>[]:
Node <24> Time <0.351> Event <PacketReceived>[]:
Node <29> Time <0.351> Event <PacketReceived>[]:
Node <17> Time <0.355> Event <sendPacket>[]:
Node <38> Time <0.355> Event <sendPacket>[]:
Node <44> Time <0.355> Event <sendPacket>[]:
Node <17> Time <0.385> Event <PacketSent>[]:
Node <10> Time <0.385> Event <PacketReceived>[]:
Node <11> Time <0.385> Event <PacketReceived>[]:
Node <18> Time <0.385> Event <PacketReceived>[]:
Node <24> Time <0.385> Event <PacketReceived>[]:
Node <25> Time <0.385> Event <PacketReceived>[]:
Node <44> Time <0.385> Event <PacketSent>[]:
Node <38> Time <0.386> Event <PacketSent>[]:
Node <31> Time <0.386> Event <PacketReceived>[]:
Node <32> Time <0.386> Event <PacketReceived>[]:
Node <46> Time <0.386> Event <PacketReceived>[]:
Node <5> Time <0.390> Event <sendPacket>[]:
Node <29> Time <0.390> Event <sendPacket>[]:
Node <29> Time <0.421> Event <PacketSent>[]:
Node <23> Time <0.421> Event <PacketReceived>[]:
Node <30> Time <0.421> Event <PacketReceived>[]:
Node <36> Time <0.421> Event <PacketReceived>[]:
Node <5> Time <0.421> Event <PacketSent>[]:
Node <5> Time <0.461> Event <sendPacket>[]:
Node <14> Time <0.461> Event <sendPacket>[]:
Node <44> Time <0.461> Event <sendPacket>[]:
Node <14> Time <0.490> Event <PacketSent>[]:
Node <6> Time <0.490> Event <PacketReceived>[]:
Node <7> Time <0.490> Event <PacketReceived>[]:
Node <13> Time <0.490> Event <PacketReceived>[]:
Node <21> Time <0.490> Event <PacketReceived>[]:
Node <5> Time <0.490> Event <PacketSent>[]:
Node <11> Time <0.490> Event <PacketReceived>[]:
Node <12> Time <0.490> Event <PacketReceived>[]:
Node <44> Time <0.492> Event <PacketSent>[]:
Node <13> Time <0.496> Event <sendPacket>[]:
Node <25> Time <0.496> Event <sendPacket>[]:
Node <13> Time <0.528> Event <PacketSent>[]:
Node <12> Time <0.528> Event <PacketReceived>[]:
Node <20> Time <0.528> Event <PacketReceived>[]:
Node <21> Time <0.528> Event <PacketReceived>[]:
Node <25> Time <0.528> Event <PacketSent>[]:
Node <18> Time <0.528> Event <PacketReceived>[]:
Node <26> Time <0.528> Event <PacketReceived>[]:
Node <49> Time <0.567> Event <sendPacket>[]:
Node <49> Time <0.597> Event <PacketSent>[]:
Node <42> Time <0.597> Event <PacketReceived>[]:
Node <18> Time <0.603> Event <sendPacket>[]:
Node <18> Time <0.632> Event <PacketSent>[]:
Node <11> Time <0.632> Event <PacketReceived>[]:
Node <25> Time <0.632> Event <PacketReceived>[]:
Node <9> Time <0.638> Event <sendPacket>[]:
Node <11> Time <0.638> Event <sendPacket>[]:
Node <11> Time <0.669> Event <PacketSent>[]:
Node <4> Time <0.669> Event <PacketReceived>[]:
Node <18> Time <0.669> Event <PacketReceived>[]:
Node <19> Time <0.669> Event <PacketReceived>[]:
Node <9> Time <0.670> Event <PacketSent>[]:
Node <2> Time <0.670> Event <PacketReceived>[]:
Node <8> Time <0.670> Event <PacketReceived>[]:
Node <15> Time <0.670> Event <PacketReceived>[]:
Node <16> Time <0.670> Event <PacketReceived>[]:
Node <1> Time <0.674> Event <sendPacket>[]:
Node <27> Time <0.674> Event <sendPacket>[]:
Node <27> Time <0.703> Event <PacketSent>[]:
Node <20> Time <0.703> Event <PacketReceived>[]:
Node <34> Time <0.703> Event <PacketReceived>[]:
Node <1> Time <0.705> Event <PacketSent>[]:
Node <2> Time <0.705> Event <PacketReceived>[]:
Node <8> Time <0.705> Event <PacketReceived>[]:
Node <24> Time <0.709> Event <sendPacket>[]:
Node <34> Time <0.709> Event <sendPacket>[]:
Node <35> Time <0.709> Event <sendPacket>[]:
Node <24> Time <0.738> Event <PacketSent>[]:
Node <16> Time <0.738> Event <PacketReceived>[]:
Node <17> Time <0.738> Event <PacketReceived>[]:
Node <23> Time <0.738> Event <PacketReceived>[]:
Node <25> Time <0.738> Event <PacketReceived>[]:
Node <34> Time <0.740> Event <PacketSent>[]:
Node <27> Time <0.740> Event <PacketReceived>[]:
Node <28> Time <0.740> Event <PacketReceived>[]:
Node <35> Time <0.740> Event <PacketReceived>[]:
Node <40> Time <0.740> Event <PacketReceived>[]:
Node <41> Time <0.740> Event <PacketReceived>[]:
Node <6> Time <0.744> Event <sendPacket>[]:
Node <34> Time <0.744> Event <sendPacket>[]:
Node <35> Time <0.764> Event <PacketSent>[]:
Node <28> Time <0.764> Event <PacketReceived>[]:
Node <34> Time <0.764> Event <PacketReceived>[]:
Node <42> Time <0.764> Event <PacketReceived>[]:
Node <6> Time <0.775> Event <PacketSent>[]:
Node <5> Time <0.775> Event <PacketReceived>[]:
Node <7> Time <0.775> Event <PacketReceived>[]:
Node <13> Time <0.775> Event <PacketReceived>[]:
Node <22> Time <0.780> Event <sendPacket>[]:
Node <44> Time <0.780> Event <sendPacket>[]:
Node <34> Time <0.788> Event <PacketSent>[]:
Node <27> Time <0.788> Event <PacketReceived>[]:
Node <28> Time <0.788> Event <PacketReceived>[]:
Node <35> Time <0.788> Event <PacketReceived>[]:
Node <40> Time <0.788> Event <PacketReceived>[]:
Node <41> Time <0.788> Event <PacketReceived>[]:
Node <22> Time <0.810> Event <PacketSent>[]:
Node <23> Time <0.810> Event <PacketReceived>[]:
Node <29> Time <0.810> Event <PacketReceived>[]:
Node <30> Time <0.810> Event <PacketReceived>[]:
Node <44> Time <0.811> Event <PacketSent>[]:
Node <8> Time <0.815> Event <sendPacket>[]:
Node <14> Time <0.815> Event <sendPacket>[]:
Node <28> Time <0.815> Event <sendPacket>[]:
Node <35> Time <0.815> Event <sendPacket>[]:
Node <35> Time <0.844> Event <PacketSent>[]:
Node <28> Time <0.844> Event <PacketReceived>[]:
Node <34> Time <0.844> Event <PacketReceived>[]:
Node <42> Time <0.844> Event <PacketReceived>[]:
Node <14> Time <0.845> Event <PacketSent>[]:
Node <6> Time <0.845> Event <PacketReceived>[]:
Node <7> Time <0.845> Event <PacketReceived>[]:
Node <13> Time <0.845> Event <PacketReceived>[]:
Node <21> Time <0.845> Event <PacketReceived>[]:
Node <8> Time <0.847> Event <PacketSent>[]:
Node <1> Time <0.847> Event <PacketReceived>[]:
Node <9> Time <0.847> Event <PacketReceived>[]:
Node <15> Time <0.847> Event <PacketReceived>[]:
Node <16> Time <0.847> Event <PacketReceived>[]:
Node <22> Time <0.851> Event <sendPacket>[]:
Node <30> Time <0.851> Event <sendPacket>[]:
Node <28> Time <0.871> Event <PacketSent>[]:
Node <21> Time <0.871> Event <PacketReceived>[]:
Node <27> Time <0.871> Event <PacketReceived>[]:
Node <35> Time <0.871> Event <PacketReceived>[]:
Node <22> Time <0.880> Event <PacketSent>[]:
Node <23> Time <0.880> Event <PacketReceived>[]:
Node <29> Time <0.880> Event <PacketReceived>[]:
Node <30> Time <0.880> Event <PacketReceived>[]:
Node <2> Time <0.886> Event <sendPacket>[]:
Node <31> Time <0.886> Event <sendPacket>[]:
Node <43> Time <0.886> Event <sendPacket>[]:
Node <30> Time <0.906> Event <PacketSent>[]:
Node <29> Time <0.906> Event <PacketReceived>[]:
Node <31> Time <0.906> Event <PacketReceived>[]:
Node <37> Time <0.906> Event <PacketReceived>[]:
Node <43> Time <0.917> Event <PacketSent>[]:
Node <44> Time <0.917> Event <PacketReceived>[]:
Node <2> Time <0.918> Event <PacketSent>[]:
Node <3> Time <0.918> Event <PacketReceived>[]:
Node <8> Time <0.918> Event <PacketReceived>[]:
Node <9> Time <0.918> Event <PacketReceived>[]:
Node <31> Time <0.931> Event <PacketSent>[]:
Node <24> Time <0.931> Event <PacketReceived>[]:
Node <25> Time <0.931> Event <PacketReceived>[]:
Node <29> Time <0.931> Event <PacketReceived>[]:
Node <32> Time <0.931> Event <PacketReceived>[]:
Node <39> Time <0.931> Event <PacketReceived>[]:
Node <21> Time <0.993> Event <sendPacket>[]:
Node <31> Time <0.993> Event <sendPacket>[]:
Node <1> Time <1.000> Event <Results>[ 1	 0/0	 0.000	 1.200	 0.000	 ]:
Node <21> Time <1.022> Event <PacketSent>[]:
Node <13> Time <1.022> Event <PacketReceived>[]:
Node <14> Time <1.022> Event <PacketReceived>[]:
Node <20> Time <1.022> Event <PacketReceived>[]:
Node <28> Time <1.022> Event <PacketReceived>[]:
Node <31> Time <1.024> Event <PacketSent>[]:
Node <24> Time <1.024> Event <PacketReceived>[]:
Node <25> Time <1.024> Event <PacketReceived>[]:
Node <29> Time <1.024> Event <PacketReceived>[]:
Node <32> Time <1.024> Event <PacketReceived>[]:
Node <39> Time <1.024> Event <PacketReceived>[]:
Node <15> Time <1.028> Event <sendPacket>[]:
Node <22> Time <1.028> Event <sendPacket>[]:
Node <43> Time <1.028> Event <sendPacket>[]:
Node <15> Time <1.057> Event <PacketSent>[]:
Node <8> Time <1.057> Event <PacketReceived>[]:
Node <22> Time <1.057> Event <PacketReceived>[]:
Node <43> Time <1.060> Event <PacketSent>[]:
Node <36> Time <1.060> Event <PacketReceived>[]:
Node <44> Time <1.060> Event <PacketReceived>[]:
Node <22> Time <1.083> Event <PacketSent>[]:
Node <23> Time <1.083> Event <PacketReceived>[]:
Node <29> Time <1.083> Event <PacketReceived>[]:
Node <30> Time <1.083> Event <PacketReceived>[]:
Node <18> Time <1.099> Event <sendPacket>[]:
Node <19> Time <1.099> Event <sendPacket>[]:
Node <25> Time <1.099> Event <sendPacket>[]:
Node <18> Time <1.129> Event <PacketSent>[]:
Node <25> Time <1.129> Event <PacketSent>[]:
Node <11> Time <1.129> Event <PacketReceived>[]:
Node <26> Time <1.129> Event <PacketReceived>[]:
Node <32> Time <1.129> Event <PacketReceived>[]:
Node <19> Time <1.131> Event <PacketSent>[]:
Node <12> Time <1.131> Event <PacketReceived>[]:
Node <20> Time <1.131> Event <PacketReceived>[]:
Node <14> Time <1.134> Event <sendPacket>[]:
Node <48> Time <1.134> Event <sendPacket>[]:
Node <14> Time <1.165> Event <PacketSent>[]:
Node <6> Time <1.165> Event <PacketReceived>[]:
Node <7> Time <1.165> Event <PacketReceived>[]:
Node <13> Time <1.165> Event <PacketReceived>[]:
Node <21> Time <1.165> Event <PacketReceived>[]:
Node <48> Time <1.165> Event <PacketSent>[]:
Node <41> Time <1.165> Event <PacketReceived>[]:
Node <47> Time <1.165> Event <PacketReceived>[]:
Node <49> Time <1.165> Event <PacketReceived>[]:
Node <6> Time <1.205> Event <sendPacket>[]:
Node <12> Time <1.205> Event <sendPacket>[]:
Node <38> Time <1.205> Event <sendPacket>[]:
Node <12> Time <1.235> Event <PacketSent>[]:
Node <11> Time <1.235> Event <PacketReceived>[]:
Node <38> Time <1.236> Event <PacketSent>[]:
Node <31> Time <1.236> Event <PacketReceived>[]:
Node <32> Time <1.236> Event <PacketReceived>[]:
Node <44> Time <1.236> Event <PacketReceived>[]:
Node <46> Time <1.236> Event <PacketReceived>[]:
Node <6> Time <1.237> Event <PacketSent>[]:
Node <7> Time <1.237> Event <PacketReceived>[]:
Node <36> Time <1.241> Event <sendPacket>[]:
Node <36> Time <1.272> Event <PacketSent>[]:
Node <30> Time <1.272> Event <PacketReceived>[]:
Node <37> Time <1.272> Event <PacketReceived>[]:
Node <43> Time <1.272> Event <PacketReceived>[]:
Node <27> Time <1.276> Event <sendPacket>[]:
Node <27> Time <1.307> Event <PacketSent>[]:
Node <20> Time <1.307> Event <PacketReceived>[]:
Node <34> Time <1.307> Event <PacketReceived>[]:
Node <31> Time <1.383> Event <sendPacket>[]:
Node <37> Time <1.383> Event <sendPacket>[]:
Node <31> Time <1.412> Event <PacketSent>[]:
Node <24> Time <1.412> Event <PacketReceived>[]:
Node <25> Time <1.412> Event <PacketReceived>[]:
Node <29> Time <1.412> Event <PacketReceived>[]:
Node <32> Time <1.412> Event <PacketReceived>[]:
Node <39> Time <1.412> Event <PacketReceived>[]:
Node <37> Time <1.415> Event <PacketSent>[]:
Node <30> Time <1.415> Event <PacketReceived>[]:
Node <38> Time <1.415> Event <PacketReceived>[]:
Node <43> Time <1.415> Event <PacketReceived>[]:
Node <44> Time <1.415> Event <PacketReceived>[]:
Node <10> Time <1.418> Event <sendPacket>[]:
Node <25> Time <1.418> Event <sendPacket>[]:
Node <35> Time <1.418> Event <sendPacket>[]:
Node <38> Time <1.418> Event <sendPacket>[]:
Node <35> Time <1.447> Event <PacketSent>[]:
Node <28> Time <1.447> Event <PacketReceived>[]:
Node <34> Time <1.447> Event <PacketReceived>[]:
Node <42> Time <1.447> Event <PacketReceived>[]:
Node <25> Time <1.448> Event <PacketSent>[]:
Node <18> Time <1.448> Event <PacketReceived>[]:
Node <26> Time <1.448> Event <PacketReceived>[]:
Node <38> Time <1.450> Event <PacketSent>[]:
Node <31> Time <1.450> Event <PacketReceived>[]:
Node <44> Time <1.450> Event <PacketReceived>[]:
Node <46> Time <1.450> Event <PacketReceived>[]:
Node <10> Time <1.450> Event <PacketSent>[]:
Node <2> Time <1.450> Event <PacketReceived>[]:
Node <3> Time <1.450> Event <PacketReceived>[]:
Node <4> Time <1.450> Event <PacketReceived>[]:
Node <9> Time <1.450> Event <PacketReceived>[]:
Node <11> Time <1.450> Event <PacketReceived>[]:
Node <17> Time <1.450> Event <PacketReceived>[]:
Node <14> Time <1.453> Event <sendPacket>[]:
Node <37> Time <1.453> Event <sendPacket>[]:
Node <37> Time <1.483> Event <PacketSent>[]:
Node <30> Time <1.483> Event <PacketReceived>[]:
Node <31> Time <1.483> Event <PacketReceived>[]:
Node <36> Time <1.483> Event <PacketReceived>[]:
Node <38> Time <1.483> Event <PacketReceived>[]:
Node <43> Time <1.483> Event <PacketReceived>[]:
Node <44> Time <1.483> Event <PacketReceived>[]:
Node <14> Time <1.485> Event <PacketSent>[]:
Node <6> Time <1.485> Event <PacketReceived>[]:
Node <7> Time <1.485> Event <PacketReceived>[]:
Node <13> Time <1.485> Event <PacketReceived>[]:
Node <21> Time <1.485> Event <PacketReceived>[]:
Node <6> Time <1.489> Event <sendPacket>[]:
Node <18> Time <1.489> Event <sendPacket>[]:
Node <18> Time <1.518> Event <PacketSent>[]:
Node <11> Time <1.518> Event <PacketReceived>[]:
Node <25> Time <1.518> Event <PacketReceived>[]:
Node <6> Time <1.519> Event <PacketSent>[]:
Node <5> Time <1.519> Event <PacketReceived>[]:
Node <7> Time <1.519> Event <PacketReceived>[]:
Node <13> Time <1.519> Event <PacketReceived>[]:
Node <8> Time <1.524> Event <sendPacket>[]:
Node <32> Time <1.524> Event <sendPacket>[]:
Node <39> Time <1.524> Event <sendPacket>[]:
Node <40> Time <1.524> Event <sendPacket>[]:
Node <43> Time <1.524> Event <sendPacket>[]:
Node <40> Time <1.554> Event <PacketSent>[]:
Node <34> Time <1.554> Event <PacketReceived>[]:
Node <48> Time <1.554> Event <PacketReceived>[]:
Node <39> Time <1.555> Event <PacketSent>[]:
Node <33> Time <1.555> Event <PacketReceived>[]:
Node <38> Time <1.555> Event <PacketReceived>[]:
Node <46> Time <1.555> Event <PacketReceived>[]:
Node <8> Time <1.556> Event <PacketSent>[]:
Node <1> Time <1.556> Event <PacketReceived>[]:
Node <9> Time <1.556> Event <PacketReceived>[]:
Node <15> Time <1.556> Event <PacketReceived>[]:
Node <16> Time <1.556> Event <PacketReceived>[]:
Node <43> Time <1.556> Event <PacketSent>[]:
Node <36> Time <1.556> Event <PacketReceived>[]:
Node <44> Time <1.556> Event <PacketReceived>[]:
Node <7> Time <1.560> Event <sendPacket>[]:
Node <12> Time <1.560> Event <sendPacket>[]:
Node <32> Time <1.580> Event <PacketSent>[]:
Node <25> Time <1.580> Event <PacketReceived>[]:
Node <31> Time <1.580> Event <PacketReceived>[]:
Node <33> Time <1.580> Event <PacketReceived>[]:
Node <7> Time <1.589> Event <PacketSent>[]:
Node <6> Time <1.589> Event <PacketReceived>[]:
Node <12> Time <1.590> Event <PacketSent>[]:
Node <5> Time <1.590> Event <PacketReceived>[]:
Node <11> Time <1.590> Event <PacketReceived>[]:
Node <13> Time <1.590> Event <PacketReceived>[]:
Node <21> Time <1.595> Event <sendPacket>[]:
Node <21> Time <1.626> Event <PacketSent>[]:
Node <13> Time <1.626> Event <PacketReceived>[]:
Node <14> Time <1.626> Event <PacketReceived>[]:
Node <20> Time <1.626> Event <PacketReceived>[]:
Node <27> Time <1.626> Event <PacketReceived>[]:
Node <28> Time <1.626> Event <PacketReceived>[]:
Node <8> Time <1.631> Event <sendPacket>[]:
Node <20> Time <1.631> Event <sendPacket>[]:
Node <35> Time <1.631> Event <sendPacket>[]:
Node <8> Time <1.660> Event <PacketSent>[]:
Node <1> Time <1.660> Event <PacketReceived>[]:
Node <9> Time <1.660> Event <PacketReceived>[]:
Node <15> Time <1.660> Event <PacketReceived>[]:
Node <16> Time <1.660> Event <PacketReceived>[]:
Node <35> Time <1.661> Event <PacketSent>[]:
Node <34> Time <1.661> Event <PacketReceived>[]:
Node <42> Time <1.661> Event <PacketReceived>[]:
Node <20> Time <1.662> Event <PacketSent>[]:
Node <12> Time <1.662> Event <PacketReceived>[]:
Node <21> Time <1.662> Event <PacketReceived>[]:
Node <7> Time <1.666> Event <sendPacket>[]:
Node <7> Time <1.697> Event <PacketSent>[]:
Node <49> Time <1.702> Event <sendPacket>[]:
Node <49> Time <1.732> Event <PacketSent>[]:
Node <42> Time <1.732> Event <PacketReceived>[]:
Node <1> Time <1.737> Event <sendPacket>[]:
Node <34> Time <1.737> Event <sendPacket>[]:
Node <42> Time <1.737> Event <sendPacket>[]:
Node <44> Time <1.737> Event <sendPacket>[]:
Node <1> Time <1.766> Event <PacketSent>[]:
Node <2> Time <1.766> Event <PacketReceived>[]:
Node <8> Time <1.766> Event <PacketReceived>[]:
Node <42> Time <1.766> Event <PacketSent>[]:
Node <49> Time <1.766> Event <PacketReceived>[]:
Node <34> Time <1.768> Event <PacketSent>[]:
Node <27> Time <1.768> Event <PacketReceived>[]:
Node <28> Time <1.768> Event <PacketReceived>[]:
Node <40> Time <1.768> Event <PacketReceived>[]:
Node <44> Time <1.768> Event <PacketSent>[]:
Node <11> Time <1.773> Event <sendPacket>[]:
Node <11> Time <1.804> Event <PacketSent>[]:
Node <3> Time <1.804> Event <PacketReceived>[]:
Node <4> Time <1.804> Event <PacketReceived>[]:
Node <10> Time <1.804> Event <PacketReceived>[]:
Node <18> Time <1.804> Event <PacketReceived>[]:
Node <19> Time <1.804> Event <PacketReceived>[]:
Node <8> Time <1.843> Event <sendPacket>[]:
Node <14> Time <1.843> Event <sendPacket>[]:
Node <8> Time <1.875> Event <PacketSent>[]:
Node <1> Time <1.875> Event <PacketReceived>[]:
Node <9> Time <1.875> Event <PacketReceived>[]:
Node <15> Time <1.875> Event <PacketReceived>[]:
Node <16> Time <1.875> Event <PacketReceived>[]:
Node <14> Time <1.875> Event <PacketSent>[]:
Node <6> Time <1.876> Event <PacketReceived>[]:
Node <13> Time <1.876> Event <PacketReceived>[]:
Node <21> Time <1.876> Event <PacketReceived>[]:
Node <25> Time <1.879> Event <sendPacket>[]:
Node <25> Time <1.909> Event <PacketSent>[]:
Node <18> Time <1.909> Event <PacketReceived>[]:
Node <26> Time <1.909> Event <PacketReceived>[]:
Node <32> Time <1.909> Event <PacketReceived>[]:
Node <30> Time <1.950> Event <sendPacket>[]:
Node <30> Time <1.981> Event <PacketSent>[]:
Node <31> Time <1.981> Event <PacketReceived>[]:
Node <36> Time <1.981> Event <PacketReceived>[]:
Node <37> Time <1.981> Event <PacketReceived>[]:
Node <30> Time <1.985> Event <sendPacket>[]:
Node <38> Time <1.985> Event <sendPacket>[]:
Node <49> Time <1.985> Event <sendPacket>[]:
Node <1> Time <2.000> Event <Results>[ 2	 0/0	 0.000	 2.328	 0.000	 ]:
Node <30> Time <2.015> Event <PacketSent>[]:
Node <29> Time <2.015> Event <PacketReceived>[]:
Node <36> Time <2.015> Event <PacketReceived>[]:
Node <37> Time <2.015> Event <PacketReceived>[]:
Node <38> Time <2.016> Event <PacketSent>[]:
Node <32> Time <2.016> Event <PacketReceived>[]:
Node <44> Time <2.016> Event <PacketReceived>[]:
Node <46> Time <2.016> Event <PacketReceived>[]:
Node <49> Time <2.016> Event <PacketSent>[]:
Node <42> Time <2.016> Event <PacketReceived>[]:
Node <12> Time <2.021> Event <sendPacket>[]:
Node <21> Time <2.021> Event <sendPacket>[]:
Node <45> Time <2.021> Event <sendPacket>[]:
Node <12> Time <2.050> Event <PacketSent>[]:
Node <5> Time <2.050> Event <PacketReceived>[]:
Node <11> Time <2.050> Event <PacketReceived>[]:
Node <45> Time <2.051> Event <PacketSent>[]:
Node <39> Time <2.051> Event <PacketReceived>[]:
Node <44> Time <2.051> Event <PacketReceived>[]:
Node <21> Time <2.052> Event <PacketSent>[]:
Node <14> Time <2.052> Event <PacketReceived>[]:
Node <20> Time <2.052> Event <PacketReceived>[]:
Node <27> Time <2.052> Event <PacketReceived>[]:
Node <28> Time <2.052> Event <PacketReceived>[]:
Node <28> Time <2.056> Event <sendPacket>[]:
Node <30> Time <2.056> Event <sendPacket>[]:
Node <32> Time <2.056> Event <sendPacket>[]:
Node <32> Time <2.085> Event <PacketSent>[]:
Node <25> Time <2.085> Event <PacketReceived>[]:
Node <33> Time <2.085> Event <PacketReceived>[]:
Node <28> Time <2.086> Event <PacketSent>[]:
Node <30> Time <2.086> Event <PacketSent>[]:
Node <21> Time <2.086> Event <PacketReceived>[]:
Node <27> Time <2.086> Event <PacketReceived>[]:
Node <35> Time <2.086> Event <PacketReceived>[]:
Node <42> Time <2.086> Event <PacketReceived>[]:
Node <29> Time <2.086> Event <PacketReceived>[]:
Node <36> Time <2.086> Event <PacketReceived>[]:
Node <37> Time <2.086> Event <PacketReceived>[]:
Node <43> Time <2.092> Event <sendPacket>[]:
Node <45> Time <2.092> Event <sendPacket>[]:
Node <45> Time <2.122> Event <PacketSent>[]:
Node <39> Time <2.122> Event <PacketReceived>[]:
Node <43> Time <2.124> Event <PacketSent>[]:
Node <36> Time <2.124> Event <PacketReceived>[]:
Node <8> Time <2.127> Event <sendPacket>[]:
Node <9> Time <2.127> Event <sendPacket>[]:
Node <39> Time <2.127> Event <sendPacket>[]:
Node <8> Time <2.156> Event <PacketSent>[]:
Node <1> Time <2.156> Event <PacketReceived>[]:
Node <9> Time <2.156> Event <PacketReceived>[]:
Node <15> Time <2.156> Event <PacketReceived>[]:
Node <16> Time <2.156> Event <PacketReceived>[]:
Node <39> Time <2.159> Event <PacketSent>[]:
Node <32> Time <2.159> Event <PacketReceived>[]:
Node <33> Time <2.159> Event <PacketReceived>[]:
Node <38> Time <2.159> Event <PacketReceived>[]:
Node <40> Time <2.159> Event <PacketReceived>[]:
Node <46> Time <2.159> Event <PacketReceived>[]:
Node <11> Time <2.162> Event <sendPacket>[]:
Node <9> Time <2.181> Event <PacketSent>[]:
Node <2> Time <2.181> Event <PacketReceived>[]:
Node <8> Time <2.181> Event <PacketReceived>[]:
Node <15> Time <2.181> Event <PacketReceived>[]:
Node <16> Time <2.181> Event <PacketReceived>[]:
Node <11> Time <2.194> Event <PacketSent>[]:
Node <4> Time <2.194> Event <PacketReceived>[]:
Node <18> Time <2.194> Event <PacketReceived>[]:
Node <19> Time <2.194> Event <PacketReceived>[]:
Node <26> Time <2.198> Event <sendPacket>[]:
Node <31> Time <2.198> Event <sendPacket>[]:
Node <31> Time <2.228> Event <PacketSent>[]:
Node <24> Time <2.228> Event <PacketReceived>[]:
Node <29> Time <2.228> Event <PacketReceived>[]:
Node <39> Time <2.228> Event <PacketReceived>[]:
Node <26> Time <2.230> Event <PacketSent>[]:
Node <27> Time <2.230> Event <PacketReceived>[]:
Node <34> Time <2.230> Event <PacketReceived>[]:
Node <24> Time <2.233> Event <sendPacket>[]:
Node <24> Time <2.264> Event <PacketSent>[]:
Node <16> Time <2.264> Event <PacketReceived>[]:
Node <17> Time <2.264> Event <PacketReceived>[]:
Node <23> Time <2.264> Event <PacketReceived>[]:
Node <25> Time <2.264> Event <PacketReceived>[]:
Node <25> Time <2.269> Event <sendPacket>[]:
Node <29> Time <2.269> Event <sendPacket>[]:
Node <34> Time <2.269> Event <sendPacket>[]:
Node <29> Time <2.298> Event <PacketSent>[]:
Node <23> Time <2.298> Event <PacketReceived>[]:
Node <30> Time <2.298> Event <PacketReceived>[]:
Node <36> Time <2.298> Event <PacketReceived>[]:
Node <25> Time <2.300> Event <PacketSent>[]:
Node <18> Time <2.300> Event <PacketReceived>[]:
Node <26> Time <2.300> Event <PacketReceived>[]:
Node <32> Time <2.300> Event <PacketReceived>[]:
Node <34> Time <2.300> Event <PacketSent>[]:
Node <27> Time <2.300> Event <PacketReceived>[]:
Node <28> Time <2.300> Event <PacketReceived>[]:
Node <35> Time <2.300> Event <PacketReceived>[]:
Node <40> Time <2.300> Event <PacketReceived>[]:
Node <41> Time <2.300> Event <PacketReceived>[]:
Node <2> Time <2.304> Event <sendPacket>[]:
Node <2> Time <2.335> Event <PacketSent>[]:
Node <3> Time <2.335> Event <PacketReceived>[]:
Node <8> Time <2.335> Event <PacketReceived>[]:
Node <9> Time <2.335> Event <PacketReceived>[]:
Node <28> Time <2.340> Event <sendPacket>[]:
Node <28> Time <2.372> Event <PacketSent>[]:
Node <21> Time <2.372> Event <PacketReceived>[]:
Node <27> Time <2.372> Event <PacketReceived>[]:
Node <35> Time <2.372> Event <PacketReceived>[]:
Node <42> Time <2.372> Event <PacketReceived>[]:
Node <18> Time <2.375> Event <sendPacket>[]:
Node <31> Time <2.375> Event <sendPacket>[]:
Node <45> Time <2.375> Event <sendPacket>[]:
Node <31> Time <2.404> Event <PacketSent>[]:
Node <24> Time <2.404> Event <PacketReceived>[]:
Node <29> Time <2.404> Event <PacketReceived>[]:
Node <32> Time <2.404> Event <PacketReceived>[]:
Node <45> Time <2.405> Event <PacketSent>[]:
Node <44> Time <2.405> Event <PacketReceived>[]:
Node <18> Time <2.405> Event <PacketSent>[]:
Node <11> Time <2.405> Event <PacketReceived>[]:
Node <6> Time <2.446> Event <sendPacket>[]:
Node <22> Time <2.446> Event <sendPacket>[]:
Node <6> Time <2.478> Event <PacketSent>[]:
Node <5> Time <2.478> Event <PacketReceived>[]:
Node <7> Time <2.478> Event <PacketReceived>[]:
Node <13> Time <2.478> Event <PacketReceived>[]:
Node <22> Time <2.478> Event <PacketSent>[]:
Node <30> Time <2.478> Event <PacketReceived>[]:
Node <18> Time <2.482> Event <sendPacket>[]:
Node <26> Time <2.482> Event <sendPacket>[]:
Node <26> Time <2.513> Event <PacketSent>[]:
Node <27> Time <2.513> Event <PacketReceived>[]:
Node <32> Time <2.513> Event <PacketReceived>[]:
Node <34> Time <2.513> Event <PacketReceived>[]:
Node <18> Time <2.513> Event <PacketSent>[]:
Node <11> Time <2.513> Event <PacketReceived>[]:
Node <19> Time <2.517> Event <sendPacket>[]:
Node <19> Time <2.547> Event <PacketSent>[]:
Node <12> Time <2.547> Event <PacketReceived>[]:
Node <20> Time <2.547> Event <PacketReceived>[]:
Node <17> Time <2.552> Event <sendPacket>[]:
Node <17> Time <2.582> Event <PacketSent>[]:
Node <10> Time <2.582> Event <PacketReceived>[]:
Node <11> Time <2.582> Event <PacketReceived>[]:
Node <18> Time <2.582> Event <PacketReceived>[]:
Node <24> Time <2.582> Event <PacketReceived>[]:
Node <25> Time <2.582> Event <PacketReceived>[]:
Node <21> Time <2.588> Event <sendPacket>[]:
Node <24> Time <2.588> Event <sendPacket>[]:
Node <29> Time <2.588> Event <sendPacket>[]:
Node <44> Time <2.588> Event <sendPacket>[]:
Node <48> Time <2.588> Event <sendPacket>[]:
Node <21> Time <2.618> Event <PacketSent>[]:
Node <13> Time <2.618> Event <PacketReceived>[]:
Node <14> Time <2.618> Event <PacketReceived>[]:
Node <20> Time <2.618> Event <PacketReceived>[]:
Node <27> Time <2.618> Event <PacketReceived>[]:
Node <28> Time <2.618> Event <PacketReceived>[]:
Node <48> Time <2.618> Event <PacketSent>[]:
Node <41> Time <2.618> Event <PacketReceived>[]:
Node <47> Time <2.618> Event <PacketReceived>[]:
Node <49> Time <2.618> Event <PacketReceived>[]:
Node <24> Time <2.618> Event <PacketSent>[]:
Node <16> Time <2.618> Event <PacketReceived>[]:
Node <17> Time <2.618> Event <PacketReceived>[]:
Node <25> Time <2.618> Event <PacketReceived>[]:
Node <29> Time <2.618> Event <PacketSent>[]:
Node <30> Time <2.619> Event <PacketReceived>[]:
Node <36> Time <2.619> Event <PacketReceived>[]:
Node <44> Time <2.619> Event <PacketSent>[]:
Node <16> Time <2.623> Event <sendPacket>[]:
Node <35> Time <2.623> Event <sendPacket>[]:
Node <40> Time <2.623> Event <sendPacket>[]:
Node <35> Time <2.653> Event <PacketSent>[]:
Node <28> Time <2.653> Event <PacketReceived>[]:
Node <42> Time <2.653> Event <PacketReceived>[]:
Node <16> Time <2.654> Event <PacketSent>[]:
Node <8> Time <2.654> Event <PacketReceived>[]:
Node <10> Time <2.654> Event <PacketReceived>[]:
Node <15> Time <2.654> Event <PacketReceived>[]:
Node <40> Time <2.654> Event <PacketSent>[]:
Node <32> Time <2.654> Event <PacketReceived>[]:
Node <48> Time <2.654> Event <PacketReceived>[]:
Node <2> Time <2.659> Event <sendPacket>[]:
Node <2> Time <2.690> Event <PacketSent>[]:
Node <3> Time <2.690> Event <PacketReceived>[]:
Node <8> Time <2.690> Event <PacketReceived>[]:
Node <9> Time <2.690> Event <PacketReceived>[]:
Node <11> Time <2.694> Event <sendPacket>[]:
Node <14> Time <2.694> Event <sendPacket>[]:
Node <21> Time <2.694> Event <sendPacket>[]:
Node <48> Time <2.694> Event <sendPacket>[]:
Node <21> Time <2.724> Event <PacketSent>[]:
Node <13> Time <2.724> Event <PacketReceived>[]:
Node <14> Time <2.724> Event <PacketReceived>[]:
Node <20> Time <2.724> Event <PacketReceived>[]:
Node <27> Time <2.724> Event <PacketReceived>[]:
Node <28> Time <2.724> Event <PacketReceived>[]:
Node <11> Time <2.724> Event <PacketSent>[]:
Node <3> Time <2.724> Event <PacketReceived>[]:
Node <4> Time <2.724> Event <PacketReceived>[]:
Node <10> Time <2.724> Event <PacketReceived>[]:
Node <18> Time <2.724> Event <PacketReceived>[]:
Node <19> Time <2.724> Event <PacketReceived>[]:
Node <48> Time <2.725> Event <PacketSent>[]:
Node <41> Time <2.725> Event <PacketReceived>[]:
Node <47> Time <2.725> Event <PacketReceived>[]:
Node <49> Time <2.725> Event <PacketReceived>[]:
Node <14> Time <2.748> Event <PacketSent>[]:
Node <6> Time <2.748> Event <PacketReceived>[]:
Node <7> Time <2.748> Event <PacketReceived>[]:
Node <13> Time <2.748> Event <PacketReceived>[]:
Node <21> Time <2.748> Event <PacketReceived>[]:
Node <1> Time <2.765> Event <sendPacket>[]:
Node <14> Time <2.765> Event <sendPacket>[]:
Node <25> Time <2.765> Event <sendPacket>[]:
Node <25> Time <2.795> Event <PacketSent>[]:
Node <26> Time <2.795> Event <PacketReceived>[]:
Node <32> Time <2.795> Event <PacketReceived>[]:
Node <14> Time <2.797> Event <PacketSent>[]:
Node <6> Time <2.797> Event <PacketReceived>[]:
Node <7> Time <2.797> Event <PacketReceived>[]:
Node <13> Time <2.797> Event <PacketReceived>[]:
Node <21> Time <2.797> Event <PacketReceived>[]:
Node <1> Time <2.797> Event <PacketSent>[]:
Node <2> Time <2.797> Event <PacketReceived>[]:
Node <8> Time <2.797> Event <PacketReceived>[]:
Node <17> Time <2.801> Event <sendPacket>[]:
Node <27> Time <2.801> Event <sendPacket>[]:
Node <34> Time <2.801> Event <sendPacket>[]:
Node <27> Time <2.830> Event <PacketSent>[]:
Node <20> Time <2.830> Event <PacketReceived>[]:
Node <17> Time <2.831> Event <PacketSent>[]:
Node <10> Time <2.831> Event <PacketReceived>[]:
Node <11> Time <2.831> Event <PacketReceived>[]:
Node <18> Time <2.831> Event <PacketReceived>[]:
Node <24> Time <2.831> Event <PacketReceived>[]:
Node <25> Time <2.831> Event <PacketReceived>[]:
Node <3> Time <2.836> Event <sendPacket>[]:
Node <31> Time <2.836> Event <sendPacket>[]:
Node <34> Time <2.856> Event <PacketSent>[]:
Node <27> Time <2.856> Event <PacketReceived>[]:
Node <28> Time <2.856> Event <PacketReceived>[]:
Node <35> Time <2.856> Event <PacketReceived>[]:
Node <40> Time <2.856> Event <PacketReceived>[]:
Node <41> Time <2.856> Event <PacketReceived>[]:
Node <3> Time <2.865> Event <PacketSent>[]:
Node <31> Time <2.865> Event <PacketSent>[]:
Node <2> Time <2.865> Event <PacketReceived>[]:
Node <24> Time <2.865> Event <PacketReceived>[]:
Node <25> Time <2.865> Event <PacketReceived>[]:
Node <29> Time <2.865> Event <PacketReceived>[]:
Node <39> Time <2.865> Event <PacketReceived>[]:
Node <15> Time <2.871> Event <sendPacket>[]:
Node <17> Time <2.871> Event <sendPacket>[]:
Node <17> Time <2.902> Event <PacketSent>[]:
Node <10> Time <2.902> Event <PacketReceived>[]:
Node <11> Time <2.902> Event <PacketReceived>[]:
Node <18> Time <2.902> Event <PacketReceived>[]:
Node <24> Time <2.902> Event <PacketReceived>[]:
Node <25> Time <2.902> Event <PacketReceived>[]:
Node <15> Time <2.903> Event <PacketSent>[]:
Node <8> Time <2.903> Event <PacketReceived>[]:
Node <16> Time <2.903> Event <PacketReceived>[]:
Node <22> Time <2.903> Event <PacketReceived>[]:
Node <7> Time <2.942> Event <sendPacket>[]:
Node <7> Time <2.971> Event <PacketSent>[]:
Node <6> Time <2.971> Event <PacketReceived>[]:
Node <47> Time <2.978> Event <sendPacket>[]:
Node <1> Time <3.000> Event <Results>[ 3	 0/0	 0.000	 3.672	 0.000	 ]:
Node <47> Time <3.008> Event <PacketSent>[]:
Node <39> Time <3.008> Event <PacketReceived>[]:
Node <40> Time <3.008> Event <PacketReceived>[]:
Node <41> Time <3.008> Event <PacketReceived>[]:
Node <46> Time <3.008> Event <PacketReceived>[]:
Node <33> Time <3.013> Event <sendPacket>[]:
Node <44> Time <3.013> Event <sendPacket>[]:
Node <44> Time <3.042> Event <PacketSent>[]:
Node <33> Time <3.045> Event <PacketSent>[]:
Node <26> Time <3.045> Event <PacketReceived>[]:
Node <34> Time <3.045> Event <PacketReceived>[]:
Node <40> Time <3.045> Event <PacketReceived>[]:
Node <8> Time <3.049> Event <sendPacket>[]:
Node <20> Time <3.049> Event <sendPacket>[]:
Node <20> Time <3.080> Event <PacketSent>[]:
Node <21> Time <3.080> Event <PacketReceived>[]:
Node <28> Time <3.080> Event <PacketReceived>[]:
Node <8> Time <3.080> Event <PacketSent>[]:
Node <1> Time <3.080> Event <PacketReceived>[]:
Node <9> Time <3.080> Event <PacketReceived>[]:
Node <15> Time <3.080> Event <PacketReceived>[]:
Node <16> Time <3.080> Event <PacketReceived>[]:
Node <2> Time <3.084> Event <sendPacket>[]:
Node <14> Time <3.084> Event <sendPacket>[]:
Node <2> Time <3.116> Event <PacketSent>[]:
Node <3> Time <3.116> Event <PacketReceived>[]:
Node <8> Time <3.116> Event <PacketReceived>[]:
Node <14> Time <3.116> Event <PacketSent>[]:
Node <6> Time <3.116> Event <PacketReceived>[]:
Node <7> Time <3.116> Event <PacketReceived>[]:
Node <13> Time <3.116> Event <PacketReceived>[]:
Node <21> Time <3.116> Event <PacketReceived>[]:
Node <6> Time <3.155> Event <sendPacket>[]:
Node <25> Time <3.155> Event <sendPacket>[]:
Node <46> Time <3.155> Event <sendPacket>[]:
Node <6> Time <3.184> Event <PacketSent>[]:
Node <5> Time <3.184> Event <PacketReceived>[]:
Node <7> Time <3.184> Event <PacketReceived>[]:
Node <13> Time <3.184> Event <PacketReceived>[]:
Node <25> Time <3.186> Event <PacketSent>[]:
Node <18> Time <3.186> Event <PacketReceived>[]:
Node <26> Time <3.186> Event <PacketReceived>[]:
Node <32> Time <3.186> Event <PacketReceived>[]:
Node <46> Time <3.187> Event <PacketSent>[]:
Node <47> Time <3.187> Event <PacketReceived>[]:
Node <19> Time <3.191> Event <sendPacket>[]:
Node <29> Time <3.191> Event <sendPacket>[]:
Node <43> Time <3.191> Event <sendPacket>[]:
Node <43> Time <3.221> Event <PacketSent>[]:
Node <44> Time <3.221> Event <PacketReceived>[]:
Node <29> Time <3.222> Event <PacketSent>[]:
Node <23> Time <3.222> Event <PacketReceived>[]:
Node <30> Time <3.222> Event <PacketReceived>[]:
Node <19> Time <3.222> Event <PacketSent>[]:
Node <12> Time <3.222> Event <PacketReceived>[]:
Node <20> Time <3.222> Event <PacketReceived>[]:
Node <17> Time <3.226> Event <sendPacket>[]:
Node <23> Time <3.226> Event <sendPacket>[]:
Node <23> Time <3.256> Event <PacketSent>[]:
Node <15> Time <3.256> Event <PacketReceived>[]:
Node <22> Time <3.256> Event <PacketReceived>[]:
Node <24> Time <3.256> Event <PacketReceived>[]:
Node <29> Time <3.256> Event <PacketReceived>[]:
Node <30> Time <3.261> Event <sendPacket>[]:
Node <40> Time <3.261> Event <sendPacket>[]:
Node <17> Time <3.281> Event <PacketSent>[]:
Node <10> Time <3.281> Event <PacketReceived>[]:
Node <11> Time <3.281> Event <PacketReceived>[]:
Node <18> Time <3.281> Event <PacketReceived>[]:
Node <24> Time <3.281> Event <PacketReceived>[]:
Node <25> Time <3.281> Event <PacketReceived>[]:
Node <30> Time <3.291> Event <PacketSent>[]:
Node <29> Time <3.291> Event <PacketReceived>[]:
Node <31> Time <3.291> Event <PacketReceived>[]:
Node <36> Time <3.291> Event <PacketReceived>[]:
Node <37> Time <3.291> Event <PacketReceived>[]:
Node <40> Time <3.291> Event <PacketSent>[]:
Node <32> Time <3.291> Event <PacketReceived>[]:
Node <34> Time <3.291> Event <PacketReceived>[]:
Node <48> Time <3.291> Event <PacketReceived>[]:
Node <30> Time <3.297> Event <sendPacket>[]:
Node <43> Time <3.297> Event <sendPacket>[]:
Node <43> Time <3.326> Event <PacketSent>[]:
Node <44> Time <3.326> Event <PacketReceived>[]:
Node <30> Time <3.329> Event <PacketSent>[]:
Node <29> Time <3.329> Event <PacketReceived>[]:
Node <31> Time <3.329> Event <PacketReceived>[]:
Node <37> Time <3.329> Event <PacketReceived>[]:
Node <14> Time <3.332> Event <sendPacket>[]:
Node <27> Time <3.332> Event <sendPacket>[]:
Node <47> Time <3.332> Event <sendPacket>[]:
Node <47> Time <3.362> Event <PacketSent>[]:
Node <39> Time <3.362> Event <PacketReceived>[]:
Node <40> Time <3.362> Event <PacketReceived>[]:
Node <41> Time <3.362> Event <PacketReceived>[]:
Node <46> Time <3.362> Event <PacketReceived>[]:
Node <27> Time <3.363> Event <PacketSent>[]:
Node <20> Time <3.363> Event <PacketReceived>[]:
Node <34> Time <3.363> Event <PacketReceived>[]:
Node <14> Time <3.364> Event <PacketSent>[]:
Node <6> Time <3.364> Event <PacketReceived>[]:
Node <7> Time <3.364> Event <PacketReceived>[]:
Node <13> Time <3.364> Event <PacketReceived>[]:
Node <21> Time <3.364> Event <PacketReceived>[]:
Node <21> Time <3.368> Event <sendPacket>[]:
Node <22> Time <3.368> Event <sendPacket>[]:
Node <48> Time <3.368> Event <sendPacket>[]:
Node <48> Time <3.398> Event <PacketSent>[]:
Node <41> Time <3.398> Event <PacketReceived>[]:
Node <47> Time <3.398> Event <PacketReceived>[]:
Node <21> Time <3.398> Event <PacketSent>[]:
Node <13> Time <3.398> Event <PacketReceived>[]:
Node <14> Time <3.398> Event <PacketReceived>[]:
Node <20> Time <3.398> Event <PacketReceived>[]:
Node <27> Time <3.398> Event <PacketReceived>[]:
Node <28> Time <3.398> Event <PacketReceived>[]:
Node <22> Time <3.399> Event <PacketSent>[]:
Node <23> Time <3.399> Event <PacketReceived>[]:
Node <29> Time <3.399> Event <PacketReceived>[]:
Node <30> Time <3.399> Event <PacketReceived>[]:
Node <2> Time <3.403> Event <sendPacket>[]:
Node <12> Time <3.403> Event <sendPacket>[]:
Node <2> Time <3.432> Event <PacketSent>[]:
Node <3> Time <3.432> Event <PacketReceived>[]:
Node <8> Time <3.432> Event <PacketReceived>[]:
Node <9> Time <3.432> Event <PacketReceived>[]:
Node <12> Time <3.434> Event <PacketSent>[]:
Node <5> Time <3.434> Event <PacketReceived>[]:
Node <11> Time <3.434> Event <PacketReceived>[]:
Node <13> Time <3.434> Event <PacketReceived>[]:
Node <17> Time <3.439> Event <sendPacket>[]:
Node <17> Time <3.469> Event <PacketSent>[]:
Node <10> Time <3.469> Event <PacketReceived>[]:
Node <11> Time <3.469> Event <PacketReceived>[]:
Node <18> Time <3.469> Event <PacketReceived>[]:
Node <24> Time <3.469> Event <PacketReceived>[]:
Node <25> Time <3.469> Event <PacketReceived>[]:
Node <6> Time <3.474> Event <sendPacket>[]:
Node <10> Time <3.474> Event <sendPacket>[]:
Node <13> Time <3.474> Event <sendPacket>[]:
Node <48> Time <3.474> Event <sendPacket>[]:
Node <48> Time <3.504> Event <PacketSent>[]:
Node <41> Time <3.504> Event <PacketReceived>[]:
Node <47> Time <3.504> Event <PacketReceived>[]:
Node <49> Time <3.504> Event <PacketReceived>[]:
Node <6> Time <3.504> Event <PacketSent>[]:
Node <5> Time <3.504> Event <PacketReceived>[]:
Node <7> Time <3.504> Event <PacketReceived>[]:
Node <13> Time <3.504> Event <PacketReceived>[]:
Node <10> Time <3.505> Event <PacketSent>[]:
Node <2> Time <3.505> Event <PacketReceived>[]:
Node <3> Time <3.505> Event <PacketReceived>[]:
Node <4> Time <3.505> Event <PacketReceived>[]:
Node <9> Time <3.505> Event <PacketReceived>[]:
Node <11> Time <3.505> Event <PacketReceived>[]:
Node <17> Time <3.505> Event <PacketReceived>[]:
Node <18> Time <3.505> Event <PacketReceived>[]:
Node <30> Time <3.510> Event <sendPacket>[]:
Node <37> Time <3.510> Event <sendPacket>[]:
Node <13> Time <3.529> Event <PacketSent>[]:
Node <12> Time <3.529> Event <PacketReceived>[]:
Node <20> Time <3.529> Event <PacketReceived>[]:
Node <21> Time <3.529> Event <PacketReceived>[]:
Node <37> Time <3.539> Event <PacketSent>[]:
Node <30> Time <3.539> Event <PacketReceived>[]:
Node <31> Time <3.539> Event <PacketReceived>[]:
Node <36> Time <3.539> Event <PacketReceived>[]:
Node <38> Time <3.539> Event <PacketReceived>[]:
Node <43> Time <3.539> Event <PacketReceived>[]:
Node <44> Time <3.539> Event <PacketReceived>[]:
Node <48> Time <3.545> Event <sendPacket>[]:
Node <30> Time <3.564> Event <PacketSent>[]:
Node <36> Time <3.564> Event <PacketReceived>[]:
Node <37> Time <3.564> Event <PacketReceived>[]:
Node <48> Time <3.577> Event <PacketSent>[]:
Node <41> Time <3.577> Event <PacketReceived>[]:
Node <49> Time <3.577> Event <PacketReceived>[]:
Node <1> Time <3.580> Event <sendPacket>[]:
Node <49> Time <3.580> Event <sendPacket>[]:
Node <49> Time <3.610> Event <PacketSent>[]:
Node <42> Time <3.610> Event <PacketReceived>[]:
Node <1> Time <3.610> Event <PacketSent>[]:
Node <2> Time <3.610> Event <PacketReceived>[]:
Node <8> Time <3.610> Event <PacketReceived>[]:
Node <10> Time <3.616> Event <sendPacket>[]:
Node <16> Time <3.616> Event <sendPacket>[]:
Node <29> Time <3.616> Event <sendPacket>[]:
Node <44> Time <3.616> Event <sendPacket>[]:
Node <44> Time <3.645> Event <PacketSent>[]:
Node <29> Time <3.646> Event <PacketSent>[]:
Node <23> Time <3.646> Event <PacketReceived>[]:
Node <30> Time <3.646> Event <PacketReceived>[]:
Node <36> Time <3.646> Event <PacketReceived>[]:
Node <10> Time <3.648> Event <PacketSent>[]:
Node <2> Time <3.648> Event <PacketReceived>[]:
Node <3> Time <3.648> Event <PacketReceived>[]:
Node <4> Time <3.648> Event <PacketReceived>[]:
Node <9> Time <3.648> Event <PacketReceived>[]:
Node <11> Time <3.648> Event <PacketReceived>[]:
Node <18> Time <3.648> Event <PacketReceived>[]:
Node <16> Time <3.648> Event <PacketSent>[]:
Node <8> Time <3.648> Event <PacketReceived>[]:
Node <15> Time <3.648> Event <PacketReceived>[]:
Node <7> Time <3.651> Event <sendPacket>[]:
Node <22> Time <3.651> Event <sendPacket>[]:
Node <32> Time <3.651> Event <sendPacket>[]:
Node <22> Time <3.682> Event <PacketSent>[]:
Node <32> Time <3.682> Event <PacketSent>[]:
Node <23> Time <3.682> Event <PacketReceived>[]:
Node <29> Time <3.682> Event <PacketReceived>[]:
Node <30> Time <3.682> Event <PacketReceived>[]:
Node <24> Time <3.682> Event <PacketReceived>[]:
Node <25> Time <3.682> Event <PacketReceived>[]:
Node <31> Time <3.682> Event <PacketReceived>[]:
Node <33> Time <3.682> Event <PacketReceived>[]:
Node <7> Time <3.683> Event <PacketSent>[]:
Node <6> Time <3.683> Event <PacketReceived>[]:
Node <1> Time <3.687> Event <sendPacket>[]:
Node <7> Time <3.687> Event <sendPacket>[]:
Node <10> Time <3.687> Event <sendPacket>[]:
Node <10> Time <3.716> Event <PacketSent>[]:
Node <3> Time <3.716> Event <PacketReceived>[]:
Node <4> Time <3.716> Event <PacketReceived>[]:
Node <9> Time <3.716> Event <PacketReceived>[]:
Node <11> Time <3.716> Event <PacketReceived>[]:
Node <17> Time <3.716> Event <PacketReceived>[]:
Node <18> Time <3.716> Event <PacketReceived>[]:
Node <7> Time <3.718> Event <PacketSent>[]:
Node <6> Time <3.718> Event <PacketReceived>[]:
Node <1> Time <3.718> Event <PacketSent>[]:
Node <8> Time <3.718> Event <PacketReceived>[]:
Node <6> Time <3.758> Event <sendPacket>[]:
Node <20> Time <3.758> Event <sendPacket>[]:
Node <24> Time <3.758> Event <sendPacket>[]:
Node <20> Time <3.787> Event <PacketSent>[]:
Node <21> Time <3.787> Event <PacketReceived>[]:
Node <28> Time <3.787> Event <PacketReceived>[]:
Node <24> Time <3.787> Event <PacketSent>[]:
Node <16> Time <3.787> Event <PacketReceived>[]:
Node <17> Time <3.787> Event <PacketReceived>[]:
Node <23> Time <3.787> Event <PacketReceived>[]:
Node <25> Time <3.787> Event <PacketReceived>[]:
Node <6> Time <3.788> Event <PacketSent>[]:
Node <5> Time <3.788> Event <PacketReceived>[]:
Node <7> Time <3.788> Event <PacketReceived>[]:
Node <13> Time <3.788> Event <PacketReceived>[]:
Node <2> Time <3.793> Event <sendPacket>[]:
Node <8> Time <3.793> Event <sendPacket>[]:
Node <21> Time <3.793> Event <sendPacket>[]:
Node <8> Time <3.823> Event <PacketSent>[]:
Node <1> Time <3.823> Event <PacketReceived>[]:
Node <15> Time <3.823> Event <PacketReceived>[]:
Node <16> Time <3.823> Event <PacketReceived>[]:
Node <2> Time <3.823> Event <PacketSent>[]:
Node <21> Time <3.825> Event <PacketSent>[]:
Node <13> Time <3.825> Event <PacketReceived>[]:
Node <14> Time <3.825> Event <PacketReceived>[]:
Node <20> Time <3.825> Event <PacketReceived>[]:
Node <27> Time <3.825> Event <PacketReceived>[]:
Node <28> Time <3.825> Event <PacketReceived>[]:
Node <46> Time <3.864> Event <sendPacket>[]:
Node <48> Time <3.864> Event <sendPacket>[]:
Node <48> Time <3.893> Event <PacketSent>[]:
Node <41> Time <3.893> Event <PacketReceived>[]:
Node <49> Time <3.893> Event <PacketReceived>[]:
Node <46> Time <3.895> Event <PacketSent>[]:
Node <45> Time <3.895> Event <PacketReceived>[]:
Node <18> Time <3.935> Event <sendPacket>[]:
Node <36> Time <3.935> Event <sendPacket>[]:
Node <39> Time <3.935> Event <sendPacket>[]:
Node <43> Time <3.935> Event <sendPacket>[]:
Node <43> Time <3.964> Event <PacketSent>[]:
Node <36> Time <3.964> Event <PacketReceived>[]:
Node <44> Time <3.964> Event <PacketReceived>[]:
Node <39> Time <3.965> Event <PacketSent>[]:
Node <32> Time <3.965> Event <PacketReceived>[]:
Node <33> Time <3.965> Event <PacketReceived>[]:
Node <38> Time <3.965> Event <PacketReceived>[]:
Node <40> Time <3.965> Event <PacketReceived>[]:
Node <46> Time <3.965> Event <PacketReceived>[]:
Node <18> Time <3.965> Event <PacketSent>[]:
Node <11> Time <3.965> Event <PacketReceived>[]:
Node <25> Time <3.965> Event <PacketReceived>[]:
Node <10> Time <3.970> Event <sendPacket>[]:
Node <12> Time <3.970> Event <sendPacket>[]:
Node <38> Time <3.970> Event <sendPacket>[]:
Node <36> Time <3.990> Event <PacketSent>[]:
Node <30> Time <3.990> Event <PacketReceived>[]:
Node <37> Time <3.990> Event <PacketReceived>[]:
Node <43> Time <3.990> Event <PacketReceived>[]:
Node <1> Time <4.000> Event <Results>[ 4	 0/0	 0.000	 5.088	 0.000	 ]:
Node <12> Time <4.000> Event <PacketSent>[]:
Node <5> Time <4.000> Event <PacketReceived>[]:
Node <13> Time <4.000> Event <PacketReceived>[]:
Node <38> Time <4.000> Event <PacketSent>[]:
Node <31> Time <4.000> Event <PacketReceived>[]:
Node <44> Time <4.000> Event <PacketReceived>[]:
Node <46> Time <4.000> Event <PacketReceived>[]:
Node <10> Time <4.002> Event <PacketSent>[]:
Node <2> Time <4.002> Event <PacketReceived>[]:
Node <4> Time <4.002> Event <PacketReceived>[]:
Node <9> Time <4.002> Event <PacketReceived>[]:
Node <17> Time <4.002> Event <PacketReceived>[]:
Node <24> Time <4.006> Event <sendPacket>[]:
Node <24> Time <4.038> Event <PacketSent>[]:
Node <16> Time <4.038> Event <PacketReceived>[]:
Node <17> Time <4.038> Event <PacketReceived>[]:
Node <23> Time <4.038> Event <PacketReceived>[]:
Node <25> Time <4.038> Event <PacketReceived>[]:
Node <25> Time <4.041> Event <sendPacket>[]:
Node <29> Time <4.041> Event <sendPacket>[]:
Node <37> Time <4.041> Event <sendPacket>[]:
Node <49> Time <4.041> Event <sendPacket>[]:
Node <37> Time <4.070> Event <PacketSent>[]:
Node <31> Time <4.071> Event <PacketReceived>[]:
Node <38> Time <4.071> Event <PacketReceived>[]:
Node <43> Time <4.071> Event <PacketReceived>[]:
Node <44> Time <4.071> Event <PacketReceived>[]:
Node <49> Time <4.071> Event <PacketSent>[]:
Node <42> Time <4.071> Event <PacketReceived>[]:
Node <29> Time <4.072> Event <PacketSent>[]:
Node <23> Time <4.072> Event <PacketReceived>[]:
Node <25> Time <4.073> Event <PacketSent>[]:
Node <18> Time <4.073> Event <PacketReceived>[]:
Node <26> Time <4.073> Event <PacketReceived>[]:
Node <32> Time <4.073> Event <PacketReceived>[]:
Node <30> Time <4.077> Event <sendPacket>[]:
Node <31> Time <4.077> Event <sendPacket>[]:
Node <31> Time <4.106> Event <PacketSent>[]:
Node <24> Time <4.106> Event <PacketReceived>[]:
Node <25> Time <4.106> Event <PacketReceived>[]:
Node <32> Time <4.106> Event <PacketReceived>[]:
Node <39> Time <4.106> Event <PacketReceived>[]:
Node <30> Time <4.108> Event <PacketSent>[]:
Node <36> Time <4.108> Event <PacketReceived>[]:
Node <37> Time <4.108> Event <PacketReceived>[]:
Node <38> Time <4.108> Event <PacketReceived>[]:
Node <5> Time <4.112> Event <sendPacket>[]:
Node <7> Time <4.112> Event <sendPacket>[]:
Node <15> Time <4.112> Event <sendPacket>[]:
Node <16> Time <4.112> Event <sendPacket>[]:
Node <16> Time <4.142> Event <PacketSent>[]:
Node <8> Time <4.142> Event <PacketReceived>[]:
Node <10> Time <4.142> Event <PacketReceived>[]:
Node <15> Time <4.142> Event <PacketReceived>[]:
Node <5> Time <4.142> Event <PacketSent>[]:
Node <11> Time <4.142> Event <PacketReceived>[]:
Node <12> Time <4.142> Event <PacketReceived>[]:
Node <7> Time <4.144> Event <PacketSent>[]:
Node <6> Time <4.144> Event <PacketReceived>[]:
Node <44> Time <4.148> Event <sendPacket>[]:
Node <15> Time <4.169> Event <PacketSent>[]:
Node <8> Time <4.169> Event <PacketReceived>[]:
Node <16> Time <4.169> Event <PacketReceived>[]:
Node <22> Time <4.169> Event <PacketReceived>[]:
Node <44> Time <4.179> Event <PacketSent>[]:
Node <7> Time <4.183> Event <sendPacket>[]:
Node <19> Time <4.183> Event <sendPacket>[]:
Node <25> Time <4.183> Event <sendPacket>[]:
Node <25> Time <4.212> Event <PacketSent>[]:
Node <26> Time <4.212> Event <PacketReceived>[]:
Node <32> Time <4.212> Event <PacketReceived>[]:
Node <19> Time <4.213> Event <PacketSent>[]:
Node <12> Time <4.213> Event <PacketReceived>[]:
Node <20> Time <4.213> Event <PacketReceived>[]:
Node <7> Time <4.214> Event <PacketSent>[]:
Node <6> Time <4.214> Event <PacketReceived>[]:
Node <33> Time <4.219> Event <sendPacket>[]:
Node <37> Time <4.219> Event <sendPacket>[]:
Node <49> Time <4.219> Event <sendPacket>[]:
Node <49> Time <4.248> Event <PacketSent>[]:
Node <42> Time <4.248> Event <PacketReceived>[]:
Node <37> Time <4.249> Event <PacketSent>[]:
Node <30> Time <4.249> Event <PacketReceived>[]:
Node <31> Time <4.249> Event <PacketReceived>[]:
Node <36> Time <4.249> Event <PacketReceived>[]:
Node <38> Time <4.249> Event <PacketReceived>[]:
Node <43> Time <4.249> Event <PacketReceived>[]:
Node <44> Time <4.249> Event <PacketReceived>[]:
Node <33> Time <4.250> Event <PacketSent>[]:
Node <26> Time <4.250> Event <PacketReceived>[]:
Node <34> Time <4.250> Event <PacketReceived>[]:
Node <40> Time <4.250> Event <PacketReceived>[]:
Node <3> Time <4.254> Event <sendPacket>[]:
Node <10> Time <4.254> Event <sendPacket>[]:
Node <13> Time <4.254> Event <sendPacket>[]:
Node <41> Time <4.254> Event <sendPacket>[]:
Node <13> Time <4.283> Event <PacketSent>[]:
Node <12> Time <4.283> Event <PacketReceived>[]:
Node <20> Time <4.283> Event <PacketReceived>[]:
Node <21> Time <4.283> Event <PacketReceived>[]:
Node <41> Time <4.284> Event <PacketSent>[]:
Node <34> Time <4.284> Event <PacketReceived>[]:
Node <35> Time <4.284> Event <PacketReceived>[]:
Node <40> Time <4.284> Event <PacketReceived>[]:
Node <48> Time <4.284> Event <PacketReceived>[]:
Node <3> Time <4.285> Event <PacketSent>[]:
Node <2> Time <4.285> Event <PacketReceived>[]:
Node <10> Time <4.285> Event <PacketReceived>[]:
Node <1> Time <4.289> Event <sendPacket>[]:
Node <10> Time <4.310> Event <PacketSent>[]:
Node <3> Time <4.310> Event <PacketReceived>[]:
Node <4> Time <4.310> Event <PacketReceived>[]:
Node <9> Time <4.310> Event <PacketReceived>[]:
Node <11> Time <4.310> Event <PacketReceived>[]:
Node <17> Time <4.310> Event <PacketReceived>[]:
Node <18> Time <4.310> Event <PacketReceived>[]:
Node <1> Time <4.320> Event <PacketSent>[]:
Node <8> Time <4.320> Event <PacketReceived>[]:
Node <4> Time <4.325> Event <sendPacket>[]:
Node <5> Time <4.325> Event <sendPacket>[]:
Node <4> Time <4.355> Event <PacketSent>[]:
Node <5> Time <4.355> Event <PacketReceived>[]:
Node <10> Time <4.355> Event <PacketReceived>[]:
Node <11> Time <4.355> Event <PacketReceived>[]:
Node <20> Time <4.360> Event <sendPacket>[]:
Node <5> Time <4.379> Event <PacketSent>[]:
Node <11> Time <4.379> Event <PacketReceived>[]:
Node <12> Time <4.379> Event <PacketReceived>[]:
Node <20> Time <4.392> Event <PacketSent>[]:
Node <21> Time <4.392> Event <PacketReceived>[]:
Node <28> Time <4.392> Event <PacketReceived>[]:
Node <1> Time <4.396> Event <sendPacket>[]:
Node <26> Time <4.396> Event <sendPacket>[]:
Node <47> Time <4.396> Event <sendPacket>[]:
Node <26> Time <4.425> Event <PacketSent>[]:
Node <25> Time <4.425> Event <PacketReceived>[]:
Node <27> Time <4.425> Event <PacketReceived>[]:
Node <34> Time <4.425> Event <PacketReceived>[]:
Node <47> Time <4.426> Event <PacketSent>[]:
Node <40> Time <4.426> Event <PacketReceived>[]:
Node <41> Time <4.426> Event <PacketReceived>[]:
Node <46> Time <4.426> Event <PacketReceived>[]:
Node <1> Time <4.427> Event <PacketSent>[]:
Node <2> Time <4.428> Event <PacketReceived>[]:
Node <8> Time <4.428> Event <PacketReceived>[]:
Node <6> Time <4.431> Event <sendPacket>[]:
Node <22> Time <4.431> Event <sendPacket>[]:
Node <32> Time <4.431> Event <sendPacket>[]:
Node <32> Time <4.461> Event <PacketSent>[]:
Node <25> Time <4.461> Event <PacketReceived>[]:
Node <31> Time <4.461> Event <PacketReceived>[]:
Node <33> Time <4.461> Event <PacketReceived>[]:
Node <22> Time <4.461> Event <PacketSent>[]:
Node <23> Time <4.461> Event <PacketReceived>[]:
Node <29> Time <4.461> Event <PacketReceived>[]:
Node <30> Time <4.461> Event <PacketReceived>[]:
Node <6> Time <4.462> Event <PacketSent>[]:
Node <5> Time <4.462> Event <PacketReceived>[]:
Node <13> Time <4.462> Event <PacketReceived>[]:
Node <4> Time <4.467> Event <sendPacket>[]:
Node <24> Time <4.467> Event <sendPacket>[]:
Node <29> Time <4.467> Event <sendPacket>[]:
Node <33> Time <4.467> Event <sendPacket>[]:
Node <41> Time <4.467> Event <sendPacket>[]:
Node <47> Time <4.467> Event <sendPacket>[]:
Node <4> Time <4.496> Event <PacketSent>[]:
Node <5> Time <4.496> Event <PacketReceived>[]:
Node <10> Time <4.496> Event <PacketReceived>[]:
Node <11> Time <4.496> Event <PacketReceived>[]:
Node <47> Time <4.497> Event <PacketSent>[]:
Node <39> Time <4.497> Event <PacketReceived>[]:
Node <41> Time <4.497> Event <PacketReceived>[]:
Node <46> Time <4.497> Event <PacketReceived>[]:
Node <24> Time <4.497> Event <PacketSent>[]:
Node <16> Time <4.497> Event <PacketReceived>[]:
Node <17> Time <4.497> Event <PacketReceived>[]:
Node <25> Time <4.497> Event <PacketReceived>[]:
Node <33> Time <4.498> Event <PacketSent>[]:
Node <26> Time <4.498> Event <PacketReceived>[]:
Node <34> Time <4.498> Event <PacketReceived>[]:
Node <29> Time <4.499> Event <PacketSent>[]:
Node <30> Time <4.499> Event <PacketReceived>[]:
Node <36> Time <4.499> Event <PacketReceived>[]:
Node <10> Time <4.502> Event <sendPacket>[]:
Node <19> Time <4.502> Event <sendPacket>[]:
Node <27> Time <4.502> Event <sendPacket>[]:
Node <41> Time <4.524> Event <PacketSent>[]:
Node <35> Time <4.524> Event <PacketReceived>[]:
Node <40> Time <4.524> Event <PacketReceived>[]:
Node <48> Time <4.524> Event <PacketReceived>[]:
Node <10> Time <4.531> Event <PacketSent>[]:
Node <2> Time <4.531> Event <PacketReceived>[]:
Node <3> Time <4.531> Event <PacketReceived>[]:
Node <4> Time <4.531> Event <PacketReceived>[]:
Node <9> Time <4.531> Event <PacketReceived>[]:
Node <11> Time <4.531> Event <PacketReceived>[]:
Node <17> Time <4.531> Event <PacketReceived>[]:
Node <18> Time <4.531> Event <PacketReceived>[]:
Node <27> Time <4.532> Event <PacketSent>[]:
Node <19> Time <4.533> Event <PacketSent>[]:
Node <12> Time <4.533> Event <PacketReceived>[]:
Node <22> Time <4.538> Event <sendPacket>[]:
Node <22> Time <4.569> Event <PacketSent>[]:
Node <23> Time <4.569> Event <PacketReceived>[]:
Node <29> Time <4.569> Event <PacketReceived>[]:
Node <30> Time <4.569> Event <PacketReceived>[]:
Node <6> Time <4.573> Event <sendPacket>[]:
Node <7> Time <4.573> Event <sendPacket>[]:
Node <9> Time <4.573> Event <sendPacket>[]:
Node <13> Time <4.573> Event <sendPacket>[]:
Node <17> Time <4.573> Event <sendPacket>[]:
Node <7> Time <4.602> Event <PacketSent>[]:
Node <6> Time <4.602> Event <PacketReceived>[]:
Node <13> Time <4.603> Event <PacketSent>[]:
Node <12> Time <4.603> Event <PacketReceived>[]:
Node <20> Time <4.603> Event <PacketReceived>[]:
Node <21> Time <4.603> Event <PacketReceived>[]:
Node <17> Time <4.604> Event <PacketSent>[]:
Node <11> Time <4.604> Event <PacketReceived>[]:
Node <18> Time <4.604> Event <PacketReceived>[]:
Node <24> Time <4.604> Event <PacketReceived>[]:
Node <25> Time <4.604> Event <PacketReceived>[]:
Node <9> Time <4.604> Event <PacketSent>[]:
Node <2> Time <4.604> Event <PacketReceived>[]:
Node <3> Time <4.604> Event <PacketReceived>[]:
Node <8> Time <4.604> Event <PacketReceived>[]:
Node <15> Time <4.604> Event <PacketReceived>[]:
Node <16> Time <4.604> Event <PacketReceived>[]:
Node <3> Time <4.609> Event <sendPacket>[]:
Node <5> Time <4.609> Event <sendPacket>[]:
Node <6> Time <4.627> Event <PacketSent>[]:
Node <5> Time <4.627> Event <PacketReceived>[]:
Node <7> Time <4.627> Event <PacketReceived>[]:
Node <3> Time <4.638> Event <PacketSent>[]:
Node <2> Time <4.638> Event <PacketReceived>[]:
Node <10> Time <4.638> Event <PacketReceived>[]:
Node <19> Time <4.644> Event <sendPacket>[]:
Node <45> Time <4.644> Event <sendPacket>[]:
Node <5> Time <4.651> Event <PacketSent>[]:
Node <11> Time <4.651> Event <PacketReceived>[]:
Node <12> Time <4.651> Event <PacketReceived>[]:
Node <45> Time <4.676> Event <PacketSent>[]:
Node <39> Time <4.676> Event <PacketReceived>[]:
Node <44> Time <4.676> Event <PacketReceived>[]:
Node <19> Time <4.676> Event <PacketSent>[]:
Node <12> Time <4.676> Event <PacketReceived>[]:
Node <4> Time <4.679> Event <sendPacket>[]:
Node <25> Time <4.679> Event <sendPacket>[]:
Node <29> Time <4.679> Event <sendPacket>[]:
Node <38> Time <4.679> Event <sendPacket>[]:
Node <25> Time <4.709> Event <PacketSent>[]:
Node <18> Time <4.709> Event <PacketReceived>[]:
Node <26> Time <4.709> Event <PacketReceived>[]:
Node <4> Time <4.710> Event <PacketSent>[]:
Node <5> Time <4.710> Event <PacketReceived>[]:
Node <10> Time <4.710> Event <PacketReceived>[]:
Node <11> Time <4.710> Event <PacketReceived>[]:
Node <38> Time <4.710> Event <PacketSent>[]:
Node <31> Time <4.710> Event <PacketReceived>[]:
Node <44> Time <4.710> Event <PacketReceived>[]:
Node <46> Time <4.710> Event <PacketReceived>[]:
Node <29> Time <4.711> Event <PacketSent>[]:
Node <23> Time <4.711> Event <PacketReceived>[]:
Node <30> Time <4.711> Event <PacketReceived>[]:
Node <36> Time <4.711> Event <PacketReceived>[]:
Node <37> Time <4.715> Event <sendPacket>[]:
Node <37> Time <4.746> Event <PacketSent>[]:
Node <30> Time <4.746> Event <PacketReceived>[]:
Node <31> Time <4.746> Event <PacketReceived>[]:
Node <36> Time <4.746> Event <PacketReceived>[]:
Node <38> Time <4.746> Event <PacketReceived>[]:
Node <43> Time <4.746> Event <PacketReceived>[]:
Node <44> Time <4.746> Event <PacketReceived>[]:
Node <16> Time <4.786> Event <sendPacket>[]:
Node <42> Time <4.786> Event <sendPacket>[]:
Node <42> Time <4.815> Event <PacketSent>[]:
Node <41> Time <4.816> Event <PacketReceived>[]:
Node <49> Time <4.816> Event <PacketReceived>[]:
Node <16> Time <4.818> Event <PacketSent>[]:
Node <8> Time <4.818> Event <PacketReceived>[]:
Node <9> Time <4.818> Event <PacketReceived>[]:
Node <10> Time <4.818> Event <PacketReceived>[]:
Node <15> Time <4.818> Event <PacketReceived>[]:
Node <18> Time <4.857> Event <sendPacket>[]:
Node <18> Time <4.888> Event <PacketSent>[]:
Node <25> Time <4.888> Event <PacketReceived>[]:
Node <10> Time <4.892> Event <sendPacket>[]:
Node <48> Time <4.892> Event <sendPacket>[]:
Node <48> Time <4.922> Event <PacketSent>[]:
Node <41> Time <4.922> Event <PacketReceived>[]:
Node <47> Time <4.922> Event <PacketReceived>[]:
Node <49> Time <4.922> Event <PacketReceived>[]:
Node <10> Time <4.923> Event <PacketSent>[]:
Node <2> Time <4.923> Event <PacketReceived>[]:
Node <3> Time <4.923> Event <PacketReceived>[]:
Node <4> Time <4.923> Event <PacketReceived>[]:
Node <9> Time <4.923> Event <PacketReceived>[]:
Node <11> Time <4.923> Event <PacketReceived>[]:
Node <17> Time <4.923> Event <PacketReceived>[]:
Node <18> Time <4.923> Event <PacketReceived>[]:
Node <8> Time <4.928> Event <sendPacket>[]:
Node <19> Time <4.928> Event <sendPacket>[]:
Node <44> Time <4.928> Event <sendPacket>[]:
Node <44> Time <4.957> Event <PacketSent>[]:
Node <19> Time <4.957> Event <PacketSent>[]:
Node <12> Time <4.957> Event <PacketReceived>[]:
Node <20> Time <4.957> Event <PacketReceived>[]:
Node <8> Time <4.959> Event <PacketSent>[]:
Node <1> Time <4.959> Event <PacketReceived>[]:
Node <9> Time <4.959> Event <PacketReceived>[]:
Node <15> Time <4.959> Event <PacketReceived>[]:
Node <16> Time <4.959> Event <PacketReceived>[]:
Node <49> Time <4.963> Event <sendPacket>[]:
Node <49> Time <4.994> Event <PacketSent>[]:
Node <42> Time <4.994> Event <PacketReceived>[]:
Node <10> Time <4.998> Event <sendPacket>[]:
Node <17> Time <4.998> Event <sendPacket>[]:
Node <18> Time <4.998> Event <sendPacket>[]:
Node <37> Time <4.998> Event <sendPacket>[]:
Node <1> Time <5.000> Event <Results>[ 5	 0/0	 0.000	 6.720	 0.000	 ]:
Node <37> Time <5.028> Event <PacketSent>[]:
Node <30> Time <5.028> Event <PacketReceived>[]:
Node <31> Time <5.028> Event <PacketReceived>[]:
Node <36> Time <5.028> Event <PacketReceived>[]:
Node <38> Time <5.028> Event <PacketReceived>[]:
Node <43> Time <5.028> Event <PacketReceived>[]:
Node <44> Time <5.028> Event <PacketReceived>[]:
Node <18> Time <5.028> Event <PacketSent>[]:
Node <25> Time <5.028> Event <PacketReceived>[]:
Node <10> Time <5.029> Event <PacketSent>[]:
Node <2> Time <5.029> Event <PacketReceived>[]:
Node <3> Time <5.029> Event <PacketReceived>[]:
Node <4> Time <5.029> Event <PacketReceived>[]:
Node <9> Time <5.029> Event <PacketReceived>[]:
Node <17> Time <5.029> Event <PacketReceived>[]:
Node <2> Time <5.034> Event <sendPacket>[]:
Node <43> Time <5.034> Event <sendPacket>[]:
Node <47> Time <5.034> Event <sendPacket>[]:
Node <17> Time <5.055> Event <PacketSent>[]:
Node <11> Time <5.055> Event <PacketReceived>[]:
Node <18> Time <5.055> Event <PacketReceived>[]:
Node <24> Time <5.055> Event <PacketReceived>[]:
Node <25> Time <5.055> Event <PacketReceived>[]:
Node <43> Time <5.064> Event <PacketSent>[]:
Node <36> Time <5.064> Event <PacketReceived>[]:
Node <44> Time <5.064> Event <PacketReceived>[]:
Node <47> Time <5.065> Event <PacketSent>[]:
Node <39> Time <5.065> Event <PacketReceived>[]:
Node <40> Time <5.065> Event <PacketReceived>[]:
Node <41> Time <5.065> Event <PacketReceived>[]:
Node <46> Time <5.065> Event <PacketReceived>[]:
Node <2> Time <5.065> Event <PacketSent>[]:
Node <3> Time <5.065> Event <PacketReceived>[]:
Node <8> Time <5.065> Event <PacketReceived>[]:
Node <9> Time <5.065> Event <PacketReceived>[]:
Node <3> Time <5.069> Event <sendPacket>[]:
Node <32> Time <5.069> Event <sendPacket>[]:
Node <42> Time <5.069> Event <sendPacket>[]:
